This is pdfTeX, Version 3.1415926-1.40.11 (MiKTeX 2.9) (preloaded format=pdflatex 2011.8.14)  7 SEP 2011 17:11
entering extended mode
**F:/acads/paper/loop_sched.tex
(F:/acads/paper/loop_sched.tex
LaTeX2e <2009/09/24>
Babel <v3.8l> and hyphenation patterns for english, afrikaans, ancientgreek, ar
abic, armenian, assamese, basque, bengali, bokmal, bulgarian, catalan, coptic, 
croatian, czech, danish, dutch, esperanto, estonian, farsi, finnish, french, ga
lician, german, german-x-2009-06-19, greek, gujarati, hindi, hungarian, iceland
ic, indonesian, interlingua, irish, italian, kannada, kurmanji, lao, latin, lat
vian, lithuanian, malayalam, marathi, mongolian, mongolianlmc, monogreek, ngerm
an, ngerman-x-2009-06-19, nynorsk, oriya, panjabi, pinyin, polish, portuguese, 
romanian, russian, sanskrit, serbian, slovak, slovenian, spanish, swedish, swis
sgerman, tamil, telugu, turkish, turkmen, ukenglish, ukrainian, uppersorbian, u
senglishmax, welsh, loaded.
("C:\Program Files\MiKTeX 2.9\tex\latex\base\article.cls"
Document Class: article 2007/10/19 v1.4h Standard LaTeX document class
("C:\Program Files\MiKTeX 2.9\tex\latex\base\size10.clo"
File: size10.clo 2007/10/19 v1.4h Standard LaTeX file (size option)
)
\c@part=\count79
\c@section=\count80
\c@subsection=\count81
\c@subsubsection=\count82
\c@paragraph=\count83
\c@subparagraph=\count84
\c@figure=\count85
\c@table=\count86
\abovecaptionskip=\skip41
\belowcaptionskip=\skip42
\bibindent=\dimen102
)
("C:\Program Files\MiKTeX 2.9\tex\latex\graphics\graphicx.sty"
Package: graphicx 1999/02/16 v1.0f Enhanced LaTeX Graphics (DPC,SPQR)

("C:\Program Files\MiKTeX 2.9\tex\latex\graphics\keyval.sty"
Package: keyval 1999/03/16 v1.13 key=value parser (DPC)
\KV@toks@=\toks14
)
("C:\Program Files\MiKTeX 2.9\tex\latex\graphics\graphics.sty"
Package: graphics 2009/02/05 v1.0o Standard LaTeX Graphics (DPC,SPQR)

("C:\Program Files\MiKTeX 2.9\tex\latex\graphics\trig.sty"
Package: trig 1999/03/16 v1.09 sin cos tan (DPC)
)
("C:\Program Files\MiKTeX 2.9\tex\latex\00miktex\graphics.cfg"
File: graphics.cfg 2007/01/18 v1.5 graphics configuration of teTeX/TeXLive
)
Package graphics Info: Driver file: pdftex.def on input line 91.

("C:\Program Files\MiKTeX 2.9\tex\latex\pdftex-def\pdftex.def"
File: pdftex.def 2011/04/25 v0.06b Graphics/color for pdfTeX

("C:\Program Files\MiKTeX 2.9\tex\generic\oberdiek\infwarerr.sty"
Package: infwarerr 2010/04/08 v1.3 Providing info/warning/message (HO)
)
("C:\Program Files\MiKTeX 2.9\tex\generic\oberdiek\ltxcmds.sty"
Package: ltxcmds 2011/04/18 v1.20 LaTeX kernel commands for general use (HO)
)
\Gread@gobject=\count87
))
\Gin@req@height=\dimen103
\Gin@req@width=\dimen104
)
(F:\acads\paper\loop_sched.aux)
LaTeX Font Info:    Checking defaults for OML/cmm/m/it on input line 16.
LaTeX Font Info:    ... okay on input line 16.
LaTeX Font Info:    Checking defaults for T1/cmr/m/n on input line 16.
LaTeX Font Info:    ... okay on input line 16.
LaTeX Font Info:    Checking defaults for OT1/cmr/m/n on input line 16.
LaTeX Font Info:    ... okay on input line 16.
LaTeX Font Info:    Checking defaults for OMS/cmsy/m/n on input line 16.
LaTeX Font Info:    ... okay on input line 16.
LaTeX Font Info:    Checking defaults for OMX/cmex/m/n on input line 16.
LaTeX Font Info:    ... okay on input line 16.
LaTeX Font Info:    Checking defaults for U/cmr/m/n on input line 16.
LaTeX Font Info:    ... okay on input line 16.

("C:\Program Files\MiKTeX 2.9\tex\context\base\supp-pdf.mkii"
[Loading MPS to PDF converter (version 2006.09.02).]
\scratchcounter=\count88
\scratchdimen=\dimen105
\scratchbox=\box26
\nofMPsegments=\count89
\nofMParguments=\count90
\everyMPshowfont=\toks15
\MPscratchCnt=\count91
\MPscratchDim=\dimen106
\MPnumerator=\count92
\makeMPintoPDFobject=\count93
\everyMPtoPDFconversion=\toks16
)
LaTeX Font Info:    External font `cmex10' loaded for size
(Font)              <12> on input line 17.
LaTeX Font Info:    External font `cmex10' loaded for size
(Font)              <8> on input line 17.
LaTeX Font Info:    External font `cmex10' loaded for size
(Font)              <6> on input line 17.
 [1{C:/ProgramData/MiKTeX/2.9/pdftex/config/pdftex.map}


]
<SZTAKI_LDG.jpg, id=9, 315.1775pt x 110.4125pt>
File: SZTAKI_LDG.jpg Graphic file (type jpg)
 <use SZTAKI_LDG.jpg>
Package pdftex.def Info: SZTAKI_LDG.jpg used on input line 69.
(pdftex.def)             Requested size: 243.6685pt x 85.35826pt.

Overfull \hbox (8.93327pt too wide) in paragraph at lines 69--70
 [] 
 []


LaTeX Warning: `h' float specifier changed to `ht'.

LaTeX Font Info:    External font `cmex10' loaded for size
(Font)              <7> on input line 80.
LaTeX Font Info:    External font `cmex10' loaded for size
(Font)              <5> on input line 80.
[2 <F:/acads/paper/SZTAKI_LDG.jpg>]
Underfull \hbox (badness 2334) in paragraph at lines 92--93
\OT1/cmr/m/n/10 guided self schedul-ing (GSS), fac-tor-ing (FACT),
 []

Missing character: There is no â in font cmr10!
Missing character: There is no € in font cmr10!
Missing character: There is no ™ in font cmr10!
Missing character: There is no â in font cmr10!
Missing character: There is no € in font cmr10!
Missing character: There is no ™ in font cmr10!
Missing character: There is no Î in font cmr10!
Missing character: There is no ³ in font cmr10!
Missing character: There is no â in font cmr7!
Missing character: There is no ˆ in font cmr7!
Missing character: There is no ’ in font cmr7!
Missing character: There is no â in font cmr7!
Missing character: There is no ˆ in font cmr7!
Missing character: There is no ’ in font cmr7!
Missing character: There is no â in font cmr7!
Missing character: There is no ˆ in font cmr7!
Missing character: There is no ’ in font cmr7!
Missing character: There is no â in font cmr7!
Missing character: There is no ˆ in font cmr7!
Missing character: There is no ’ in font cmr7!

Underfull \hbox (badness 1205) in paragraph at lines 107--108
 [] \OT1/cmr/m/n/10 In com-pu-ta-tional en-vi-ron-ments where pro-ces-sor
 []

Missing character: There is no â in font cmr10!
Missing character: There is no € in font cmr10!
Missing character: There is no ™ in font cmr10!
[3]
LaTeX Font Info:    Try loading font information for OMS+cmr on input line 132.

 ("C:\Program Files\MiKTeX 2.9\tex\latex\base\omscmr.fd"
File: omscmr.fd 1999/05/25 v2.5h Standard LaTeX font definitions
)
LaTeX Font Info:    Font shape `OMS/cmr/m/n' in size <10> not available
(Font)              Font shape `OMS/cmsy/m/n' tried instead on input line 132.

Underfull \hbox (badness 1565) in paragraph at lines 145--146
 [] \OT1/cmr/m/n/10 In \OT1/cmss/m/n/10 EQUAL \OT1/cmr/m/n/10 mode, each of the
 tasks $\OML/cmm/m/it/10 T[]; \OMS/cmsy/m/n/10 8\OML/cmm/m/it/10 i \OT1/cmr/m/n
/10 =$
 []

<graphs/exectime/equalmode.jpg, id=23, 520.19344pt x 310.91156pt>
File: graphs/exectime/equalmode.jpg Graphic file (type jpg)

<use graphs/exectime/equalmode.jpg>
Package pdftex.def Info: graphs/exectime/equalmode.jpg used on input line 158.
(pdftex.def)             Requested size: 238.02188pt x 142.26378pt.

Overfull \hbox (3.28665pt too wide) in paragraph at lines 158--159
 [] 
 []

<graphs/exectime/front-heavymode.jpg, id=24, 520.19344pt x 310.91156pt>
File: graphs/exectime/front-heavymode.jpg Graphic file (type jpg)

<use graphs/exectime/front-heavymode.jpg>
Package pdftex.def Info: graphs/exectime/front-heavymode.jpg used on input line
 166.
(pdftex.def)             Requested size: 238.02188pt x 142.26378pt.

Overfull \hbox (3.28665pt too wide) in paragraph at lines 166--167
 [] 
 []


LaTeX Warning: `h' float specifier changed to `ht'.

<graphs/exectime/tail-heavymode.jpg, id=25, 520.19344pt x 310.91156pt>
File: graphs/exectime/tail-heavymode.jpg Graphic file (type jpg)

<use graphs/exectime/tail-heavymode.jpg>
Package pdftex.def Info: graphs/exectime/tail-heavymode.jpg used on input line 
174.
(pdftex.def)             Requested size: 238.02188pt x 142.26378pt.

Overfull \hbox (3.28665pt too wide) in paragraph at lines 174--175
 [] 
 []


LaTeX Warning: `h' float specifier changed to `ht'.

<graphs/exectime/randommode.jpg, id=26, 520.19344pt x 310.91156pt>
File: graphs/exectime/randommode.jpg Graphic file (type jpg)

<use graphs/exectime/randommode.jpg>
Package pdftex.def Info: graphs/exectime/randommode.jpg used on input line 182.

(pdftex.def)             Requested size: 238.02188pt x 142.26378pt.

Overfull \hbox (3.28665pt too wide) in paragraph at lines 182--183
 [] 
 []


LaTeX Warning: `h' float specifier changed to `ht'.

[4 <F:/acads/paper/graphs/exectime/equalmode.jpg>]
Underfull \hbox (badness 10000) in paragraph at lines 193--197

 []

[5 <F:/acads/paper/graphs/exectime/front-heavymode.jpg> <F:/acads/paper/graphs/
exectime/tail-heavymode.jpg> <F:/acads/paper/graphs/exectime/randommode.jpg>]
Overfull \hbox (1.51271pt too wide) in paragraph at lines 226--226
[]\OT1/cmtt/m/n/10 14        respond to a requesting processor p[] 
 []


Underfull \hbox (badness 10000) in paragraph at lines 230--231

 []

Missing character: There is no Ã in font cmr10!
Missing character: There is no ¡ in font cmr10!
[6]
Missing character: There is no Â in font cmr10!
Missing character: There is no ´ in font cmr10!
Missing character: There is no â in font cmr10!
Missing character: There is no € in font cmr10!
Missing character: There is no ™ in font cmr10!
 [7

] (F:\acads\paper\loop_sched.aux) ) 
Here is how much of TeX's memory you used:
 1185 strings out of 494053
 15792 string characters out of 3148585
 73767 words of memory out of 3000000
 4502 multiletter control sequences out of 15000+200000
 9315 words of font info for 33 fonts, out of 3000000 for 9000
 715 hyphenation exceptions out of 8191
 27i,8n,19p,1250b,251s stack positions out of 5000i,500n,10000p,200000b,50000s
<C:/Program Files/MiKTeX 2.9/fonts/type1/pub
lic/amsfonts/cm/cmbx12.pfb><C:/Program Files/MiKTeX 2.9/fonts/type1/public/amsf
onts/cm/cmmi10.pfb><C:/Program Files/MiKTeX 2.9/fonts/type1/public/amsfonts/cm/
cmmi7.pfb><C:/Program Files/MiKTeX 2.9/fonts/type1/public/amsfonts/cm/cmmi8.pfb
><C:/Program Files/MiKTeX 2.9/fonts/type1/public/amsfonts/cm/cmr10.pfb><C:/Prog
ram Files/MiKTeX 2.9/fonts/type1/public/amsfonts/cm/cmr12.pfb><C:/Program Files
/MiKTeX 2.9/fonts/type1/public/amsfonts/cm/cmr6.pfb><C:/Program Files/MiKTeX 2.
9/fonts/type1/public/amsfonts/cm/cmr7.pfb><C:/Program Files/MiKTeX 2.9/fonts/ty
pe1/public/amsfonts/cm/cmr8.pfb><C:/Program Files/MiKTeX 2.9/fonts/type1/public
/amsfonts/cm/cmss10.pfb><C:/Program Files/MiKTeX 2.9/fonts/type1/public/amsfont
s/cm/cmssbx10.pfb><C:/Program Files/MiKTeX 2.9/fonts/type1/public/amsfonts/cm/c
msy10.pfb><C:/Program Files/MiKTeX 2.9/fonts/type1/public/amsfonts/cm/cmti10.pf
b><C:/Program Files/MiKTeX 2.9/fonts/type1/public/amsfonts/cm/cmtt10.pfb>
Output written on loop_sched.pdf (7 pages, 397158 bytes).
PDF statistics:
 87 PDF objects out of 1000 (max. 8388607)
 0 named destinations out of 1000 (max. 500000)
 26 words of extra memory for PDF output out of 10000 (max. 10000000)

